#
# There is insufficient memory for the Java Runtime Environment to continue.
# Native memory allocation (malloc) failed to allocate 1386576 bytes. Error detail: Chunk::new
# Possible reasons:
#   The system is out of physical RAM or swap space
#   This process is running with CompressedOops enabled, and the Java Heap may be blocking the growth of the native heap
# Possible solutions:
#   Reduce memory load on the system
#   Increase physical memory or swap space
#   Check if swap backing store is full
#   Decrease Java heap size (-Xmx/-Xms)
#   Decrease number of Java threads
#   Decrease Java thread stack sizes (-Xss)
#   Set larger code cache with -XX:ReservedCodeCacheSize=
#   JVM is running with Unscaled Compressed Oops mode in which the Java heap is
#     placed in the first 4GB address space. The Java Heap base address is the
#     maximum limit for the native heap growth. Please use -XX:HeapBaseMinAddress
#     to set the Java Heap base and to place the Java Heap above 4GB virtual address.
# This output file may be truncated or incomplete.
#
#  Out of Memory Error (arena.cpp:168), pid=3060, tid=24976
#
# JRE version: OpenJDK Runtime Environment Temurin-21.0.10+7 (21.0.10+7) (build 21.0.10+7-LTS)
# Java VM: OpenJDK 64-Bit Server VM Temurin-21.0.10+7 (21.0.10+7-LTS, mixed mode, sharing, tiered, compressed oops, compressed class ptrs, parallel gc, windows-amd64)
# No core dump will be written. Minidumps are not enabled by default on client versions of Windows
#

---------------  S U M M A R Y ------------

Command Line: --add-modules=ALL-SYSTEM --add-opens=java.base/java.util=ALL-UNNAMED --add-opens=java.base/java.lang=ALL-UNNAMED --add-opens=java.base/sun.nio.fs=ALL-UNNAMED -Declipse.application=org.eclipse.jdt.ls.core.id1 -Dosgi.bundles.defaultStartLevel=4 -Declipse.product=org.eclipse.jdt.ls.core.product -Djava.import.generatesMetadataFilesAtProjectRoot=false -DDetectVMInstallationsJob.disabled=true -Dfile.encoding=utf8 -XX:+UseParallelGC -XX:GCTimeRatio=4 -XX:AdaptiveSizePolicyWeight=90 -Dsun.zip.disableMemoryMapping=true -Xmx2G -Xms100m -Xlog:disable -javaagent:c:\Users\nguye\.vscode\extensions\redhat.java-1.54.0-win32-x64\lombok\lombok-1.18.39-4050.jar -XX:+HeapDumpOnOutOfMemoryError -XX:HeapDumpPath=c:\Users\nguye\AppData\Roaming\Code\User\workspaceStorage\1a037bb0f1349aabb2323e686a655e1a\redhat.java -Daether.dependencyCollector.impl=bf c:\Users\nguye\.vscode\extensions\redhat.java-1.54.0-win32-x64\server\plugins\org.eclipse.equinox.launcher_1.7.100.v20251111-0406.jar -configuration c:\Users\nguye\AppData\Roaming\Code\User\globalStorage\redhat.java\1.54.0\config_win -data c:\Users\nguye\AppData\Roaming\Code\User\workspaceStorage\1a037bb0f1349aabb2323e686a655e1a\redhat.java\jdt_ws --pipe=\\.\pipe\lsp-0052d9903d2259954f9cc2e9c4c33c18-sock

Host: 13th Gen Intel(R) Core(TM) i7-13700H, 20 cores, 15G,  Windows 11 , 64 bit Build 26100 (10.0.26100.8246)
Time: Wed May  6 22:03:03 2026 SE Asia Standard Time elapsed time: 91.114757 seconds (0d 0h 1m 31s)

---------------  T H R E A D  ---------------

Current thread (0x000002dbc6bfa260):  JavaThread "C2 CompilerThread7" daemon [_thread_in_native, id=24976, stack(0x000000fce8500000,0x000000fce8600000) (1024K)]


Current CompileTask:
C2:91114 18733   !   4       lombok.eclipse.handlers.EclipseHandlerUtil::setDocComment (139 bytes)

Stack: [0x000000fce8500000,0x000000fce8600000]
Native frames: (J=compiled Java code, j=interpreted, Vv=VM code, C=native code)
V  [jvm.dll+0x6d7a39]
V  [jvm.dll+0x8b4b26]
V  [jvm.dll+0x8b70de]
V  [jvm.dll+0x8b77c3]
V  [jvm.dll+0x284346]
V  [jvm.dll+0xc66ed]
V  [jvm.dll+0xc6c31]
V  [jvm.dll+0x3bec01]
V  [jvm.dll+0x1e3d62]
V  [jvm.dll+0x24c6b3]
V  [jvm.dll+0x24bb40]
V  [jvm.dll+0x1cb34e]
V  [jvm.dll+0x25b85d]
V  [jvm.dll+0x259dea]
V  [jvm.dll+0x3f857e]
V  [jvm.dll+0x85f59d]
V  [jvm.dll+0x6d626d]
C  [ucrtbase.dll+0x37b0]
C  [KERNEL32.DLL+0x2e8d7]
C  [ntdll.dll+0x8c3fc]


---------------  P R O C E S S  ---------------

Threads class SMR info:
_java_thread_list=0x000002dbd8247360, length=95, elements={
0x000002dbe597e580, 0x000002dbfc17bb40, 0x000002dbfc17c7a0, 0x000002dbe5a24420,
0x000002dbe5a275b0, 0x000002dbe5a2be90, 0x000002dbe5a36f10, 0x000002dbe5a3b620,
0x000002dbfd68afe0, 0x000002dbfd93f540, 0x000002dbff5cc750, 0x000002dbc5261b20,
0x000002dbc52b3730, 0x000002dbc5308750, 0x000002dbffcebff0, 0x000002dbc5141530,
0x000002dbc5a12840, 0x000002dbc5f3e9c0, 0x000002dbffcc20b0, 0x000002dbffcc3af0,
0x000002dbffcc2dd0, 0x000002dbffcc3460, 0x000002dbffcc4180, 0x000002dbffcc4810,
0x000002dbffcc1390, 0x000002dbffcc1a20, 0x000002dbc73d29b0, 0x000002dbc73d2320,
0x000002dbc73cf530, 0x000002dbc73d3040, 0x000002dbc73d0f70, 0x000002dbc73d1600,
0x000002dbc73cfbc0, 0x000002dbc73d0250, 0x000002dbc73d36d0, 0x000002dbc73d3d60,
0x000002dbc73d08e0, 0x000002dbc73d43f0, 0x000002dbc73d5110, 0x000002dbc73d4a80,
0x000002dbc73d1c90, 0x000002dbc73d57a0, 0x000002dbc73d5e30, 0x000002dbc73d6b50,
0x000002dbc73d64c0, 0x000002dbc6a58690, 0x000002dbc6a58000, 0x000002dbc6a5bb10,
0x000002dbc6a5a760, 0x000002dbc6a59a40, 0x000002dbc6a5adf0, 0x000002dbc6a5b480,
0x000002dbc6a58d20, 0x000002dbc6a5c830, 0x000002dbc6a5c1a0, 0x000002dbc6a593b0,
0x000002dbc6a5cec0, 0x000002dbc6a5d550, 0x000002dbc6a5a0d0, 0x000002dbc6a5ef90,
0x000002dbc6a5dbe0, 0x000002dbc6a5f620, 0x000002dbc6a5e270, 0x000002dbc6a5e900,
0x000002dbc7f4c6d0, 0x000002dbc7f4ee30, 0x000002dbc7f4cd60, 0x000002dbc7f4e7a0,
0x000002dbd4495550, 0x000002dbc7f52fd0, 0x000002dbc9ea4a00, 0x000002dbc9ea77f0,
0x000002dbc9ea4370, 0x000002dbc9ea7160, 0x000002dbc9ea6440, 0x000002dbc9ea8510,
0x000002dbc9ea7e80, 0x000002dbc9ea5090, 0x000002dbc9ea8ba0, 0x000002dbc9ea9230,
0x000002dbc9ea5db0, 0x000002dbc9ea98c0, 0x000002dbc9eaac70, 0x000002dbc9eab300,
0x000002dbc9eab990, 0x000002dbc8c0aa70, 0x000002dbc8c09600, 0x000002dbc8c0b140,
0x000002dbc5a8d190, 0x000002dbc5a8c3f0, 0x000002dbc5a8e600, 0x000002dbc5a8cac0,
0x000002dbc5a90ee0, 0x000002dbc6bf7980, 0x000002dbc6bfa260
}

Java Threads: ( => current thread )
  0x000002dbe597e580 JavaThread "main"                              [_thread_blocked, id=14256, stack(0x000000fce3b00000,0x000000fce3c00000) (1024K)]
  0x000002dbfc17bb40 JavaThread "Reference Handler"          daemon [_thread_blocked, id=17016, stack(0x000000fce3f00000,0x000000fce4000000) (1024K)]
  0x000002dbfc17c7a0 JavaThread "Finalizer"                  daemon [_thread_blocked, id=17912, stack(0x000000fce4000000,0x000000fce4100000) (1024K)]
  0x000002dbe5a24420 JavaThread "Signal Dispatcher"          daemon [_thread_blocked, id=25500, stack(0x000000fce4100000,0x000000fce4200000) (1024K)]
  0x000002dbe5a275b0 JavaThread "Attach Listener"            daemon [_thread_blocked, id=6996, stack(0x000000fce4200000,0x000000fce4300000) (1024K)]
  0x000002dbe5a2be90 JavaThread "Service Thread"             daemon [_thread_blocked, id=4796, stack(0x000000fce4300000,0x000000fce4400000) (1024K)]
  0x000002dbe5a36f10 JavaThread "Monitor Deflation Thread"   daemon [_thread_blocked, id=15428, stack(0x000000fce4400000,0x000000fce4500000) (1024K)]
  0x000002dbe5a3b620 JavaThread "C2 CompilerThread0"         daemon [_thread_in_native, id=12568, stack(0x000000fce4500000,0x000000fce4600000) (1024K)]
  0x000002dbfd68afe0 JavaThread "C1 CompilerThread0"         daemon [_thread_blocked, id=25256, stack(0x000000fce4600000,0x000000fce4700000) (1024K)]
  0x000002dbfd93f540 JavaThread "Common-Cleaner"             daemon [_thread_blocked, id=24832, stack(0x000000fce4b00000,0x000000fce4c00000) (1024K)]
  0x000002dbff5cc750 JavaThread "Notification Thread"        daemon [_thread_blocked, id=4736, stack(0x000000fce4a00000,0x000000fce4b00000) (1024K)]
  0x000002dbc5261b20 JavaThread "Active Thread: Equinox Container: aeb9e325-63e5-4125-84cf-68857854adb7"        [_thread_blocked, id=14212, stack(0x000000fce5400000,0x000000fce5500000) (1024K)]
  0x000002dbc52b3730 JavaThread "Refresh Thread: Equinox Container: aeb9e325-63e5-4125-84cf-68857854adb7" daemon [_thread_blocked, id=18488, stack(0x000000fce4700000,0x000000fce4800000) (1024K)]
  0x000002dbc5308750 JavaThread "Framework Event Dispatcher: Equinox Container: aeb9e325-63e5-4125-84cf-68857854adb7" daemon [_thread_blocked, id=22144, stack(0x000000fce4800000,0x000000fce4900000) (1024K)]
  0x000002dbffcebff0 JavaThread "Start Level: Equinox Container: aeb9e325-63e5-4125-84cf-68857854adb7" daemon [_thread_blocked, id=27164, stack(0x000000fce4900000,0x000000fce4a00000) (1024K)]
  0x000002dbc5141530 JavaThread "Bundle File Closer"         daemon [_thread_blocked, id=17656, stack(0x000000fce5900000,0x000000fce5a00000) (1024K)]
  0x000002dbc5a12840 JavaThread "SCR Component Actor"        daemon [_thread_blocked, id=6060, stack(0x000000fce5b00000,0x000000fce5c00000) (1024K)]
  0x000002dbc5f3e9c0 JavaThread "Worker-JM"                         [_thread_blocked, id=1684, stack(0x000000fce6100000,0x000000fce6200000) (1024K)]
  0x000002dbffcc20b0 JavaThread "JNA Cleaner"                daemon [_thread_blocked, id=16868, stack(0x000000fce5d00000,0x000000fce5e00000) (1024K)]
  0x000002dbffcc3af0 JavaThread "Worker-0"                          [_thread_blocked, id=10360, stack(0x000000fce5e00000,0x000000fce5f00000) (1024K)]
  0x000002dbffcc2dd0 JavaThread "Worker-1"                          [_thread_blocked, id=10428, stack(0x000000fce5f00000,0x000000fce6000000) (1024K)]
  0x000002dbffcc3460 JavaThread "Java indexing"              daemon [_thread_in_native, id=20156, stack(0x000000fce6600000,0x000000fce6700000) (1024K)]
  0x000002dbffcc4180 JavaThread "Worker-2: Java indexing... "        [_thread_blocked, id=24692, stack(0x000000fce6900000,0x000000fce6a00000) (1024K)]
  0x000002dbffcc4810 JavaThread "Worker-3"                          [_thread_blocked, id=22232, stack(0x000000fce6a00000,0x000000fce6b00000) (1024K)]
  0x000002dbffcc1390 JavaThread "Worker-4"                          [_thread_blocked, id=24848, stack(0x000000fce6b00000,0x000000fce6c00000) (1024K)]
  0x000002dbffcc1a20 JavaThread "Thread-1"                   daemon [_thread_in_native, id=26864, stack(0x000000fce6c00000,0x000000fce6d00000) (1024K)]
  0x000002dbc73d29b0 JavaThread "Thread-2"                   daemon [_thread_in_native, id=18372, stack(0x000000fce6d00000,0x000000fce6e00000) (1024K)]
  0x000002dbc73d2320 JavaThread "Thread-3"                   daemon [_thread_in_native, id=13212, stack(0x000000fce6e00000,0x000000fce6f00000) (1024K)]
  0x000002dbc73cf530 JavaThread "Thread-4"                   daemon [_thread_in_native, id=18068, stack(0x000000fce6f00000,0x000000fce7000000) (1024K)]
  0x000002dbc73d3040 JavaThread "Thread-5"                   daemon [_thread_in_native, id=24780, stack(0x000000fce7000000,0x000000fce7100000) (1024K)]
  0x000002dbc73d0f70 JavaThread "Thread-6"                   daemon [_thread_in_native, id=7136, stack(0x000000fce7100000,0x000000fce7200000) (1024K)]
  0x000002dbc73d1600 JavaThread "Thread-7"                   daemon [_thread_in_native, id=26856, stack(0x000000fce7200000,0x000000fce7300000) (1024K)]
  0x000002dbc73cfbc0 JavaThread "Thread-8"                   daemon [_thread_in_native, id=25292, stack(0x000000fce7300000,0x000000fce7400000) (1024K)]
  0x000002dbc73d0250 JavaThread "Thread-9"                   daemon [_thread_in_native, id=20728, stack(0x000000fce7400000,0x000000fce7500000) (1024K)]
  0x000002dbc73d36d0 JavaThread "Thread-10"                  daemon [_thread_in_native, id=19984, stack(0x000000fce7500000,0x000000fce7600000) (1024K)]
  0x000002dbc73d3d60 JavaThread "Thread-11"                  daemon [_thread_in_native, id=9648, stack(0x000000fce7600000,0x000000fce7700000) (1024K)]
  0x000002dbc73d08e0 JavaThread "Thread-12"                  daemon [_thread_in_native, id=2240, stack(0x000000fce7700000,0x000000fce7800000) (1024K)]
  0x000002dbc73d43f0 JavaThread "Thread-13"                  daemon [_thread_in_native, id=12608, stack(0x000000fce7800000,0x000000fce7900000) (1024K)]
  0x000002dbc73d5110 JavaThread "Thread-14"                  daemon [_thread_in_native, id=14216, stack(0x000000fce7900000,0x000000fce7a00000) (1024K)]
  0x000002dbc73d4a80 JavaThread "Thread-15"                  daemon [_thread_in_native, id=20000, stack(0x000000fce7a00000,0x000000fce7b00000) (1024K)]
  0x000002dbc73d1c90 JavaThread "Thread-16"                  daemon [_thread_in_native, id=4988, stack(0x000000fce7b00000,0x000000fce7c00000) (1024K)]
  0x000002dbc73d57a0 JavaThread "Thread-17"                  daemon [_thread_in_native, id=852, stack(0x000000fce7c00000,0x000000fce7d00000) (1024K)]
  0x000002dbc73d5e30 JavaThread "Thread-18"                  daemon [_thread_in_native, id=2956, stack(0x000000fce7d00000,0x000000fce7e00000) (1024K)]
  0x000002dbc73d6b50 JavaThread "Thread-19"                  daemon [_thread_in_native, id=16776, stack(0x000000fce7e00000,0x000000fce7f00000) (1024K)]
  0x000002dbc73d64c0 JavaThread "Thread-20"                  daemon [_thread_in_native, id=26340, stack(0x000000fce7f00000,0x000000fce8000000) (1024K)]
  0x000002dbc6a58690 JavaThread "Thread-21"                  daemon [_thread_in_native, id=13028, stack(0x000000fce8000000,0x000000fce8100000) (1024K)]
  0x000002dbc6a58000 JavaThread "pool-2-thread-1"                   [_thread_blocked, id=13544, stack(0x000000fce8200000,0x000000fce8300000) (1024K)]
  0x000002dbc6a5bb10 JavaThread "WorkspaceEventsHandler"            [_thread_blocked, id=21840, stack(0x000000fce8700000,0x000000fce8800000) (1024K)]
  0x000002dbc6a5a760 JavaThread "pool-1-thread-1"                   [_thread_in_native, id=19936, stack(0x000000fce8800000,0x000000fce8900000) (1024K)]
  0x000002dbc6a59a40 JavaThread "ForkJoinPool.commonPool-worker-1" daemon [_thread_blocked, id=20908, stack(0x000000fce8a00000,0x000000fce8b00000) (1024K)]
  0x000002dbc6a5adf0 JavaThread "ForkJoinPool.commonPool-worker-2" daemon [_thread_blocked, id=22712, stack(0x000000fce8b00000,0x000000fce8c00000) (1024K)]
  0x000002dbc6a5b480 JavaThread "ForkJoinPool.commonPool-worker-3" daemon [_thread_blocked, id=20188, stack(0x000000fce8c00000,0x000000fce8d00000) (1024K)]
  0x000002dbc6a58d20 JavaThread "ForkJoinPool.commonPool-worker-4" daemon [_thread_blocked, id=24756, stack(0x000000fce8d00000,0x000000fce8e00000) (1024K)]
  0x000002dbc6a5c830 JavaThread "ForkJoinPool.commonPool-worker-5" daemon [_thread_blocked, id=12348, stack(0x000000fce8e00000,0x000000fce8f00000) (1024K)]
  0x000002dbc6a5c1a0 JavaThread "ForkJoinPool.commonPool-worker-6" daemon [_thread_blocked, id=16240, stack(0x000000fce8f00000,0x000000fce9000000) (1024K)]
  0x000002dbc6a593b0 JavaThread "ForkJoinPool.commonPool-worker-7" daemon [_thread_blocked, id=19808, stack(0x000000fce9000000,0x000000fce9100000) (1024K)]
  0x000002dbc6a5cec0 JavaThread "ForkJoinPool.commonPool-worker-8" daemon [_thread_blocked, id=7592, stack(0x000000fce9100000,0x000000fce9200000) (1024K)]
  0x000002dbc6a5d550 JavaThread "ForkJoinPool.commonPool-worker-9" daemon [_thread_blocked, id=3648, stack(0x000000fce9200000,0x000000fce9300000) (1024K)]
  0x000002dbc6a5a0d0 JavaThread "ForkJoinPool.commonPool-worker-10" daemon [_thread_blocked, id=12824, stack(0x000000fce9300000,0x000000fce9400000) (1024K)]
  0x000002dbc6a5ef90 JavaThread "ForkJoinPool.commonPool-worker-11" daemon [_thread_blocked, id=27596, stack(0x000000fce9400000,0x000000fce9500000) (1024K)]
  0x000002dbc6a5dbe0 JavaThread "ForkJoinPool.commonPool-worker-12" daemon [_thread_blocked, id=21564, stack(0x000000fce9500000,0x000000fce9600000) (1024K)]
  0x000002dbc6a5f620 JavaThread "ForkJoinPool.commonPool-worker-13" daemon [_thread_blocked, id=7580, stack(0x000000fce9600000,0x000000fce9700000) (1024K)]
  0x000002dbc6a5e270 JavaThread "ForkJoinPool.commonPool-worker-14" daemon [_thread_blocked, id=14032, stack(0x000000fce9700000,0x000000fce9800000) (1024K)]
  0x000002dbc6a5e900 JavaThread "ForkJoinPool.commonPool-worker-15" daemon [_thread_blocked, id=19932, stack(0x000000fce9800000,0x000000fce9900000) (1024K)]
  0x000002dbc7f4c6d0 JavaThread "ForkJoinPool.commonPool-worker-16" daemon [_thread_blocked, id=3340, stack(0x000000fce9900000,0x000000fce9a00000) (1024K)]
  0x000002dbc7f4ee30 JavaThread "ForkJoinPool.commonPool-worker-17" daemon [_thread_blocked, id=5596, stack(0x000000fce9a00000,0x000000fce9b00000) (1024K)]
  0x000002dbc7f4cd60 JavaThread "ForkJoinPool.commonPool-worker-18" daemon [_thread_blocked, id=26404, stack(0x000000fce9b00000,0x000000fce9c00000) (1024K)]
  0x000002dbc7f4e7a0 JavaThread "ForkJoinPool.commonPool-worker-19" daemon [_thread_blocked, id=26224, stack(0x000000fce9c00000,0x000000fce9d00000) (1024K)]
  0x000002dbd4495550 JavaThread "Cleaner-0"                  daemon [_thread_blocked, id=26492, stack(0x000000fce8900000,0x000000fce8a00000) (1024K)]
  0x000002dbc7f52fd0 JavaThread "Compiler Source File Reader" daemon [_thread_blocked, id=6288, stack(0x000000fce9d00000,0x000000fce9e00000) (1024K)]
  0x000002dbc9ea4a00 JavaThread "Compiler Source File Reader" daemon [_thread_blocked, id=24648, stack(0x000000fce9e00000,0x000000fce9f00000) (1024K)]
  0x000002dbc9ea77f0 JavaThread "Compiler Source File Reader" daemon [_thread_blocked, id=26532, stack(0x000000fce9f00000,0x000000fcea000000) (1024K)]
  0x000002dbc9ea4370 JavaThread "Compiler Source File Reader" daemon [_thread_blocked, id=12480, stack(0x000000fcea000000,0x000000fcea100000) (1024K)]
  0x000002dbc9ea7160 JavaThread "Compiler Source File Reader" daemon [_thread_blocked, id=10528, stack(0x000000fcea100000,0x000000fcea200000) (1024K)]
  0x000002dbc9ea6440 JavaThread "Compiler Processing Task"   daemon [_thread_blocked, id=7176, stack(0x000000fcea200000,0x000000fcea300000) (1024K)]
  0x000002dbc9ea8510 JavaThread "Compiler Source File Reader" daemon [_thread_blocked, id=5380, stack(0x000000fcea300000,0x000000fcea400000) (1024K)]
  0x000002dbc9ea7e80 JavaThread "Compiler Source File Reader" daemon [_thread_blocked, id=20204, stack(0x000000fcea400000,0x000000fcea500000) (1024K)]
  0x000002dbc9ea5090 JavaThread "Compiler Source File Reader" daemon [_thread_blocked, id=26136, stack(0x000000fcea500000,0x000000fcea600000) (1024K)]
  0x000002dbc9ea8ba0 JavaThread "Compiler Source File Reader" daemon [_thread_blocked, id=12748, stack(0x000000fcea600000,0x000000fcea700000) (1024K)]
  0x000002dbc9ea9230 JavaThread "Compiler Source File Reader" daemon [_thread_blocked, id=8696, stack(0x000000fcea700000,0x000000fcea800000) (1024K)]
  0x000002dbc9ea5db0 JavaThread "Compiler Source File Reader" daemon [_thread_blocked, id=20932, stack(0x000000fcea800000,0x000000fcea900000) (1024K)]
  0x000002dbc9ea98c0 JavaThread "Compiler Source File Reader" daemon [_thread_blocked, id=24772, stack(0x000000fcea900000,0x000000fceaa00000) (1024K)]
  0x000002dbc9eaac70 JavaThread "Compiler Source File Reader" daemon [_thread_blocked, id=2816, stack(0x000000fceaa00000,0x000000fceab00000) (1024K)]
  0x000002dbc9eab300 JavaThread "Compiler Source File Reader" daemon [_thread_blocked, id=17652, stack(0x000000fceab00000,0x000000fceac00000) (1024K)]
  0x000002dbc9eab990 JavaThread "Compiler Source File Reader" daemon [_thread_blocked, id=17132, stack(0x000000fceac00000,0x000000fcead00000) (1024K)]
  0x000002dbc8c0aa70 JavaThread "C2 CompilerThread1"         daemon [_thread_in_native, id=24392, stack(0x000000fce3a00000,0x000000fce3b00000) (1024K)]
  0x000002dbc8c09600 JavaThread "C2 CompilerThread2"         daemon [_thread_blocked, id=2824, stack(0x000000fce5200000,0x000000fce5300000) (1024K)]
  0x000002dbc8c0b140 JavaThread "C2 CompilerThread3"         daemon [_thread_blocked, id=9992, stack(0x000000fce5c00000,0x000000fce5d00000) (1024K)]
  0x000002dbc5a8d190 JavaThread "C2 CompilerThread4"         daemon [_thread_blocked, id=9144, stack(0x000000fce6000000,0x000000fce6100000) (1024K)]
  0x000002dbc5a8c3f0 JavaThread "C2 CompilerThread5"         daemon [_thread_in_native, id=3908, stack(0x000000fce6400000,0x000000fce6500000) (1024K)]
  0x000002dbc5a8e600 JavaThread "C1 CompilerThread1"         daemon [_thread_blocked, id=24356, stack(0x000000fce6500000,0x000000fce6600000) (1024K)]
  0x000002dbc5a8cac0 JavaThread "C1 CompilerThread2"         daemon [_thread_blocked, id=12100, stack(0x000000fce8100000,0x000000fce8200000) (1024K)]
  0x000002dbc5a90ee0 JavaThread "C1 CompilerThread3"         daemon [_thread_in_native, id=2968, stack(0x000000fce8300000,0x000000fce8400000) (1024K)]
  0x000002dbc6bf7980 JavaThread "C2 CompilerThread6"         daemon [_thread_in_native, id=13956, stack(0x000000fce8400000,0x000000fce8500000) (1024K)]
=>0x000002dbc6bfa260 JavaThread "C2 CompilerThread7"         daemon [_thread_in_native, id=24976, stack(0x000000fce8500000,0x000000fce8600000) (1024K)]
Total: 95

Other Threads:
  0x000002dbfc164910 VMThread "VM Thread"                           [id=4428, stack(0x000000fce3e00000,0x000000fce3f00000) (1024K)]
  0x000002dbfc05ba00 WatcherThread "VM Periodic Task Thread"        [id=11104, stack(0x000000fce3d00000,0x000000fce3e00000) (1024K)]
  0x000002dbe599c960 WorkerThread "GC Thread#0"                     [id=20032, stack(0x000000fce3c00000,0x000000fce3d00000) (1024K)]
  0x000002dbff9e5d30 WorkerThread "GC Thread#1"                     [id=2356, stack(0x000000fce4c00000,0x000000fce4d00000) (1024K)]
  0x000002dbff956580 WorkerThread "GC Thread#2"                     [id=27252, stack(0x000000fce4d00000,0x000000fce4e00000) (1024K)]
  0x000002dbff956930 WorkerThread "GC Thread#3"                     [id=27160, stack(0x000000fce4e00000,0x000000fce4f00000) (1024K)]
  0x000002dbc53221b0 WorkerThread "GC Thread#4"                     [id=6824, stack(0x000000fce4f00000,0x000000fce5000000) (1024K)]
  0x000002dbc5322560 WorkerThread "GC Thread#5"                     [id=15404, stack(0x000000fce5000000,0x000000fce5100000) (1024K)]
  0x000002dbc5322910 WorkerThread "GC Thread#6"                     [id=3280, stack(0x000000fce5100000,0x000000fce5200000) (1024K)]
  0x000002dbc53fa9c0 WorkerThread "GC Thread#7"                     [id=5284, stack(0x000000fce5500000,0x000000fce5600000) (1024K)]
  0x000002dbffa33550 WorkerThread "GC Thread#8"                     [id=11400, stack(0x000000fce5300000,0x000000fce5400000) (1024K)]
  0x000002dbffa33900 WorkerThread "GC Thread#9"                     [id=21908, stack(0x000000fce5600000,0x000000fce5700000) (1024K)]
  0x000002dbff898150 WorkerThread "GC Thread#10"                    [id=15824, stack(0x000000fce5700000,0x000000fce5800000) (1024K)]
  0x000002dbff9d1c50 WorkerThread "GC Thread#11"                    [id=26760, stack(0x000000fce5800000,0x000000fce5900000) (1024K)]
  0x000002dbffc102c0 WorkerThread "GC Thread#12"                    [id=5420, stack(0x000000fce5a00000,0x000000fce5b00000) (1024K)]
  0x000002dbc50f9d30 WorkerThread "GC Thread#13"                    [id=22152, stack(0x000000fce6200000,0x000000fce6300000) (1024K)]
  0x000002dbc50fa0e0 WorkerThread "GC Thread#14"                    [id=25972, stack(0x000000fce6300000,0x000000fce6400000) (1024K)]
Total: 17

Threads with active compile tasks:
C2 CompilerThread0  91142 18939       4       org.eclipse.jdt.internal.compiler.lookup.LookupEnvironment::getUnannotatedType (9 bytes)
C2 CompilerThread1  91143 18935       4       org.eclipse.jdt.internal.compiler.lookup.SplitPackageBinding::combineWithSiblings (143 bytes)
C2 CompilerThread5  91143 18937       4       org.eclipse.jdt.internal.compiler.lookup.ParameterizedTypeBinding::swapUnresolved (129 bytes)
C2 CompilerThread6  91143 18934       4       org.eclipse.jdt.internal.core.JavaElement::close (9 bytes)
C2 CompilerThread7  91143 18733   !   4       lombok.eclipse.handlers.EclipseHandlerUtil::setDocComment (139 bytes)
Total: 5

VM state: not at safepoint (normal execution)

VM Mutex/Monitor currently owned by a thread:  ([mutex/lock_event])
[0x00007ff82ae1e660] Heap_lock - owner thread: 0x000002dbffcc3460

Heap address: 0x0000000080000000, size: 2048 MB, Compressed Oops mode: 32-bit

CDS archive(s) mapped at: [0x000002db80000000-0x000002db80ba0000-0x000002db80ba0000), size 12189696, SharedBaseAddress: 0x000002db80000000, ArchiveRelocationMode: 1.
Compressed class space mapped at: 0x000002db81000000-0x000002dbc1000000, reserved size: 1073741824
Narrow klass base: 0x000002db80000000, Narrow klass shift: 0, Narrow klass range: 0x100000000

GC Precious Log:
 CardTable entry size: 512
 CPUs: 20 total, 20 available
 Memory: 16016M
 Large Page Support: Disabled
 NUMA Support: Disabled
 Compressed Oops: Enabled (32-bit)
 Alignments: Space 512K, Generation 512K, Heap 2M
 Heap Min Capacity: 100M
 Heap Initial Capacity: 100M
 Heap Max Capacity: 2G
 Pre-touch: Disabled
 Parallel Workers: 15

Heap:
 PSYoungGen      total 2560K, used 2064K [0x00000000d5580000, 0x00000000d5e00000, 0x0000000100000000)
  eden space 1536K, 98% used [0x00000000d5580000,0x00000000d56fc260,0x00000000d5700000)
  from space 1024K, 53% used [0x00000000d5700000,0x00000000d5788000,0x00000000d5800000)
  to   space 2560K, 0% used [0x00000000d5b80000,0x00000000d5b80000,0x00000000d5e00000)
 ParOldGen       total 310272K, used 310222K [0x0000000080000000, 0x0000000092f00000, 0x00000000d5580000)
  object space 310272K, 99% used [0x0000000080000000,0x0000000092ef3b90,0x0000000092f00000)
 Metaspace       used 79941K, committed 81536K, reserved 1179648K
  class space    used 8049K, committed 8768K, reserved 1048576K

Card table byte_map: [0x000002dbe5230000,0x000002dbe5640000] _byte_map_base: 0x000002dbe4e30000

Marking Bits: (ParMarkBitMap*) 0x00007ff82ae23450
 Begin Bits: [0x000002dbf7b80000, 0x000002dbf9b80000)
 End Bits:   [0x000002dbf9b80000, 0x000002dbfbb80000)

Polling page: 0x000002dbe3400000

Metaspace:

Usage:
  Non-class:     70.21 MB used.
      Class:      7.86 MB used.
       Both:     78.07 MB used.

Virtual space:
  Non-class space:      128.00 MB reserved,      71.06 MB ( 56%) committed,  2 nodes.
      Class space:        1.00 GB reserved,       8.56 MB ( <1%) committed,  1 nodes.
             Both:        1.12 GB reserved,      79.62 MB (  7%) committed. 

Chunk freelists:
   Non-Class:  8.95 MB
       Class:  7.26 MB
        Both:  16.21 MB

MaxMetaspaceSize: unlimited
CompressedClassSpaceSize: 1.00 GB
Initial GC threshold: 21.00 MB
Current GC threshold: 127.75 MB
CDS: on
 - commit_granule_bytes: 65536.
 - commit_granule_words: 8192.
 - virtual_space_node_default_size: 8388608.
 - enlarge_chunks_in_place: 1.
 - use_allocation_guard: 0.


Internal statistics:

num_allocs_failed_limit: 11.
num_arena_births: 1498.
num_arena_deaths: 28.
num_vsnodes_births: 3.
num_vsnodes_deaths: 0.
num_space_committed: 1274.
num_space_uncommitted: 0.
num_chunks_returned_to_freelist: 44.
num_chunks_taken_from_freelist: 5334.
num_chunk_merges: 19.
num_chunk_splits: 3175.
num_chunks_enlarged: 1683.
num_inconsistent_stats: 0.

CodeHeap 'non-profiled nmethods': size=119168Kb used=16126Kb max_used=16126Kb free=103041Kb
 bounds [0x000002dbf0720000, 0x000002dbf16e0000, 0x000002dbf7b80000]
CodeHeap 'profiled nmethods': size=119104Kb used=43359Kb max_used=43359Kb free=75745Kb
 bounds [0x000002dbe8b80000, 0x000002dbeb5e0000, 0x000002dbeffd0000]
CodeHeap 'non-nmethods': size=7488Kb used=3185Kb max_used=3322Kb free=4302Kb
 bounds [0x000002dbeffd0000, 0x000002dbf0320000, 0x000002dbf0720000]
CodeCache: size=245760Kb, used=62670Kb, max_used=62807Kb, free=183088Kb
 total_blobs=18002, nmethods=17187, adapters=716, full_count=0
Compilation: enabled, stopped_count=0, restarted_count=0

Compilation events (20 events):
Event: 90.100 Thread 0x000002dbc5a8cac0 nmethod 18915 0x000002dbeb5c2710 code [0x000002dbeb5c28c0, 0x000002dbeb5c2a30]
Event: 90.100 Thread 0x000002dbc8c0b140 18918       4       org.eclipse.core.internal.dtree.DataTreeNode::<init> (12 bytes)
Event: 90.101 Thread 0x000002dbfd68afe0 nmethod 18916 0x000002dbeb5c2b10 code [0x000002dbeb5c2d00, 0x000002dbeb5c3228]
Event: 90.101 Thread 0x000002dbc8c0b140 nmethod 18918 0x000002dbf16db810 code [0x000002dbf16db9a0, 0x000002dbf16dbaa8]
Event: 90.102 Thread 0x000002dbc5a90ee0 nmethod 18917 0x000002dbeb5c3510 code [0x000002dbeb5c3880, 0x000002dbeb5c5818]
Event: 90.121 Thread 0x000002dbc5a8e600 18919       3       org.eclipse.jdt.internal.core.builder.ClasspathLocation::forLibrary (36 bytes)
Event: 90.122 Thread 0x000002dbc5a8e600 nmethod 18919 0x000002dbeb5c6210 code [0x000002dbeb5c6400, 0x000002dbeb5c67b0]
Event: 90.151 Thread 0x000002dbc5a8c3f0 18920       4       java.util.zip.ZipFile$Source$Key::hashCode (46 bytes)
Event: 90.175 Thread 0x000002dbfd68afe0 18921       3       org.eclipse.jdt.internal.core.BinaryModule::isSystemModule (14 bytes)
Event: 90.175 Thread 0x000002dbc5a90ee0 18922       3       org.eclipse.jdt.internal.core.search.matching.JavaSearchNameEnvironment::addModuleClassPathInfo (55 bytes)
Event: 90.175 Thread 0x000002dbc5a8cac0 18923       3       org.eclipse.jdt.internal.core.search.matching.JavaSearchNameEnvironment::addClassPathToModule (52 bytes)
Event: 90.175 Thread 0x000002dbfd68afe0 nmethod 18921 0x000002dbeb5c6990 code [0x000002dbeb5c6b40, 0x000002dbeb5c6f08]
Event: 90.176 Thread 0x000002dbc5a90ee0 nmethod 18922 0x000002dbeb5c7010 code [0x000002dbeb5c7200, 0x000002dbeb5c7688]
Event: 90.176 Thread 0x000002dbc5a8cac0 nmethod 18923 0x000002dbeb5c7890 code [0x000002dbeb5c7ac0, 0x000002dbeb5c81f8]
Event: 90.203 Thread 0x000002dbfd68afe0 18924       3       org.eclipse.jdt.internal.core.search.matching.JavaSearchNameEnvironment::getLocationsFor (141 bytes)
Event: 90.205 Thread 0x000002dbfd68afe0 nmethod 18924 0x000002dbeb5c8410 code [0x000002dbeb5c8820, 0x000002dbeb5c9f98]
Event: 90.205 Thread 0x000002dbc5a8d190 18925       4       org.eclipse.jdt.internal.compiler.util.HashtableOfModule::put (113 bytes)
Event: 90.205 Thread 0x000002dbc5a8e600 18926   !   3       org.eclipse.jdt.internal.core.search.matching.JavaSearchNameEnvironment::getModule (49 bytes)
Event: 90.205 Thread 0x000002dbfd68afe0 18927   !   3       org.eclipse.jdt.internal.core.search.matching.JavaSearchNameEnvironment::computeModules (87 bytes)
Event: 90.205 Thread 0x000002dbc5a8e600 nmethod 18926 0x000002dbeb5ca710 code [0x000002dbeb5ca920, 0x000002dbeb5cb040]

GC Heap History (20 events):
Event: 87.581 GC heap after
{Heap after GC invocations=582 (full 4):
 PSYoungGen      total 9728K, used 1012K [0x00000000d5580000, 0x00000000d6300000, 0x0000000100000000)
  eden space 8704K, 0% used [0x00000000d5580000,0x00000000d5580000,0x00000000d5e00000)
  from space 1024K, 98% used [0x00000000d6000000,0x00000000d60fd200,0x00000000d6100000)
  to   space 2048K, 0% used [0x00000000d5e00000,0x00000000d5e00000,0x00000000d6000000)
 ParOldGen       total 262656K, used 262475K [0x0000000080000000, 0x0000000090080000, 0x00000000d5580000)
  object space 262656K, 99% used [0x0000000080000000,0x0000000090052d38,0x0000000090080000)
 Metaspace       used 79740K, committed 81408K, reserved 1179648K
  class space    used 8046K, committed 8768K, reserved 1048576K
}
Event: 87.590 GC heap before
{Heap before GC invocations=583 (full 4):
 PSYoungGen      total 9728K, used 9716K [0x00000000d5580000, 0x00000000d6300000, 0x0000000100000000)
  eden space 8704K, 100% used [0x00000000d5580000,0x00000000d5e00000,0x00000000d5e00000)
  from space 1024K, 98% used [0x00000000d6000000,0x00000000d60fd200,0x00000000d6100000)
  to   space 2048K, 0% used [0x00000000d5e00000,0x00000000d5e00000,0x00000000d6000000)
 ParOldGen       total 262656K, used 262475K [0x0000000080000000, 0x0000000090080000, 0x00000000d5580000)
  object space 262656K, 99% used [0x0000000080000000,0x0000000090052d38,0x0000000090080000)
 Metaspace       used 79740K, committed 81408K, reserved 1179648K
  class space    used 8046K, committed 8768K, reserved 1048576K
}
Event: 87.592 GC heap after
{Heap after GC invocations=583 (full 4):
 PSYoungGen      total 10240K, used 1108K [0x00000000d5580000, 0x00000000d6100000, 0x0000000100000000)
  eden space 8704K, 0% used [0x00000000d5580000,0x00000000d5580000,0x00000000d5e00000)
  from space 1536K, 72% used [0x00000000d5e00000,0x00000000d5f15220,0x00000000d5f80000)
  to   space 1536K, 0% used [0x00000000d5f80000,0x00000000d5f80000,0x00000000d6100000)
 ParOldGen       total 263680K, used 263424K [0x0000000080000000, 0x0000000090180000, 0x00000000d5580000)
  object space 263680K, 99% used [0x0000000080000000,0x00000000901400e8,0x0000000090180000)
 Metaspace       used 79740K, committed 81408K, reserved 1179648K
  class space    used 8046K, committed 8768K, reserved 1048576K
}
Event: 87.605 GC heap before
{Heap before GC invocations=584 (full 4):
 PSYoungGen      total 10240K, used 9812K [0x00000000d5580000, 0x00000000d6100000, 0x0000000100000000)
  eden space 8704K, 100% used [0x00000000d5580000,0x00000000d5e00000,0x00000000d5e00000)
  from space 1536K, 72% used [0x00000000d5e00000,0x00000000d5f15220,0x00000000d5f80000)
  to   space 1536K, 0% used [0x00000000d5f80000,0x00000000d5f80000,0x00000000d6100000)
 ParOldGen       total 263680K, used 263424K [0x0000000080000000, 0x0000000090180000, 0x00000000d5580000)
  object space 263680K, 99% used [0x0000000080000000,0x00000000901400e8,0x0000000090180000)
 Metaspace       used 79740K, committed 81408K, reserved 1179648K
  class space    used 8046K, committed 8768K, reserved 1048576K
}
Event: 87.607 GC heap after
{Heap after GC invocations=584 (full 4):
 PSYoungGen      total 10240K, used 1364K [0x00000000d5580000, 0x00000000d6100000, 0x0000000100000000)
  eden space 8704K, 0% used [0x00000000d5580000,0x00000000d5580000,0x00000000d5e00000)
  from space 1536K, 88% used [0x00000000d5f80000,0x00000000d60d5220,0x00000000d6100000)
  to   space 1536K, 0% used [0x00000000d5e00000,0x00000000d5e00000,0x00000000d5f80000)
 ParOldGen       total 264192K, used 263952K [0x0000000080000000, 0x0000000090200000, 0x00000000d5580000)
  object space 264192K, 99% used [0x0000000080000000,0x00000000901c4108,0x0000000090200000)
 Metaspace       used 79740K, committed 81408K, reserved 1179648K
  class space    used 8046K, committed 8768K, reserved 1048576K
}
Event: 87.624 GC heap before
{Heap before GC invocations=585 (full 4):
 PSYoungGen      total 10240K, used 10068K [0x00000000d5580000, 0x00000000d6100000, 0x0000000100000000)
  eden space 8704K, 100% used [0x00000000d5580000,0x00000000d5e00000,0x00000000d5e00000)
  from space 1536K, 88% used [0x00000000d5f80000,0x00000000d60d5220,0x00000000d6100000)
  to   space 1536K, 0% used [0x00000000d5e00000,0x00000000d5e00000,0x00000000d5f80000)
 ParOldGen       total 264192K, used 263952K [0x0000000080000000, 0x0000000090200000, 0x00000000d5580000)
  object space 264192K, 99% used [0x0000000080000000,0x00000000901c4108,0x0000000090200000)
 Metaspace       used 79743K, committed 81408K, reserved 1179648K
  class space    used 8046K, committed 8768K, reserved 1048576K
}
Event: 87.626 GC heap after
{Heap after GC invocations=585 (full 4):
 PSYoungGen      total 10240K, used 992K [0x00000000d5580000, 0x00000000d6100000, 0x0000000100000000)
  eden space 8704K, 0% used [0x00000000d5580000,0x00000000d5580000,0x00000000d5e00000)
  from space 1536K, 64% used [0x00000000d5e00000,0x00000000d5ef8020,0x00000000d5f80000)
  to   space 1536K, 0% used [0x00000000d5f80000,0x00000000d5f80000,0x00000000d6100000)
 ParOldGen       total 265216K, used 265047K [0x0000000080000000, 0x0000000090300000, 0x00000000d5580000)
  object space 265216K, 99% used [0x0000000080000000,0x00000000902d5ee8,0x0000000090300000)
 Metaspace       used 79743K, committed 81408K, reserved 1179648K
  class space    used 8046K, committed 8768K, reserved 1048576K
}
Event: 87.639 GC heap before
{Heap before GC invocations=586 (full 4):
 PSYoungGen      total 10240K, used 9696K [0x00000000d5580000, 0x00000000d6100000, 0x0000000100000000)
  eden space 8704K, 100% used [0x00000000d5580000,0x00000000d5e00000,0x00000000d5e00000)
  from space 1536K, 64% used [0x00000000d5e00000,0x00000000d5ef8020,0x00000000d5f80000)
  to   space 1536K, 0% used [0x00000000d5f80000,0x00000000d5f80000,0x00000000d6100000)
 ParOldGen       total 265216K, used 265047K [0x0000000080000000, 0x0000000090300000, 0x00000000d5580000)
  object space 265216K, 99% used [0x0000000080000000,0x00000000902d5ee8,0x0000000090300000)
 Metaspace       used 79743K, committed 81408K, reserved 1179648K
  class space    used 8046K, committed 8768K, reserved 1048576K
}
Event: 87.641 GC heap after
{Heap after GC invocations=586 (full 4):
 PSYoungGen      total 9728K, used 928K [0x00000000d5580000, 0x00000000d6080000, 0x0000000100000000)
  eden space 8704K, 0% used [0x00000000d5580000,0x00000000d5580000,0x00000000d5e00000)
  from space 1024K, 90% used [0x00000000d5f80000,0x00000000d6068020,0x00000000d6080000)
  to   space 1024K, 0% used [0x00000000d5e80000,0x00000000d5e80000,0x00000000d5f80000)
 ParOldGen       total 266240K, used 265905K [0x0000000080000000, 0x0000000090400000, 0x00000000d5580000)
  object space 266240K, 99% used [0x0000000080000000,0x00000000903ac780,0x0000000090400000)
 Metaspace       used 79743K, committed 81408K, reserved 1179648K
  class space    used 8046K, committed 8768K, reserved 1048576K
}
Event: 87.660 GC heap before
{Heap before GC invocations=587 (full 4):
 PSYoungGen      total 9728K, used 9632K [0x00000000d5580000, 0x00000000d6080000, 0x0000000100000000)
  eden space 8704K, 100% used [0x00000000d5580000,0x00000000d5e00000,0x00000000d5e00000)
  from space 1024K, 90% used [0x00000000d5f80000,0x00000000d6068020,0x00000000d6080000)
  to   space 1024K, 0% used [0x00000000d5e80000,0x00000000d5e80000,0x00000000d5f80000)
 ParOldGen       total 266240K, used 265905K [0x0000000080000000, 0x0000000090400000, 0x00000000d5580000)
  object space 266240K, 99% used [0x0000000080000000,0x00000000903ac780,0x0000000090400000)
 Metaspace       used 79754K, committed 81408K, reserved 1179648K
  class space    used 8046K, committed 8768K, reserved 1048576K
}
Event: 89.679 GC heap after
{Heap after GC invocations=587 (full 4):
 PSYoungGen      total 9728K, used 1024K [0x00000000d5580000, 0x00000000d6080000, 0x0000000100000000)
  eden space 8704K, 0% used [0x00000000d5580000,0x00000000d5580000,0x00000000d5e00000)
  from space 1024K, 100% used [0x00000000d5e80000,0x00000000d5f80000,0x00000000d5f80000)
  to   space 1024K, 0% used [0x00000000d5f80000,0x00000000d5f80000,0x00000000d6080000)
 ParOldGen       total 266752K, used 266671K [0x0000000080000000, 0x0000000090480000, 0x00000000d5580000)
  object space 266752K, 99% used [0x0000000080000000,0x000000009046bc60,0x0000000090480000)
 Metaspace       used 79754K, committed 81408K, reserved 1179648K
  class space    used 8046K, committed 8768K, reserved 1048576K
}
Event: 89.744 GC heap before
{Heap before GC invocations=588 (full 4):
 PSYoungGen      total 9728K, used 9728K [0x00000000d5580000, 0x00000000d6080000, 0x0000000100000000)
  eden space 8704K, 100% used [0x00000000d5580000,0x00000000d5e00000,0x00000000d5e00000)
  from space 1024K, 100% used [0x00000000d5e80000,0x00000000d5f80000,0x00000000d5f80000)
  to   space 1024K, 0% used [0x00000000d5f80000,0x00000000d5f80000,0x00000000d6080000)
 ParOldGen       total 266752K, used 266671K [0x0000000080000000, 0x0000000090480000, 0x00000000d5580000)
  object space 266752K, 99% used [0x0000000080000000,0x000000009046bc60,0x0000000090480000)
 Metaspace       used 79816K, committed 81472K, reserved 1179648K
  class space    used 8047K, committed 8768K, reserved 1048576K
}
Event: 89.748 GC heap after
{Heap after GC invocations=588 (full 4):
 PSYoungGen      total 9728K, used 928K [0x00000000d5580000, 0x00000000d6100000, 0x0000000100000000)
  eden space 8704K, 0% used [0x00000000d5580000,0x00000000d5580000,0x00000000d5e00000)
  from space 1024K, 90% used [0x00000000d5f80000,0x00000000d6068000,0x00000000d6080000)
  to   space 1536K, 0% used [0x00000000d5e00000,0x00000000d5e00000,0x00000000d5f80000)
 ParOldGen       total 267776K, used 267561K [0x0000000080000000, 0x0000000090580000, 0x00000000d5580000)
  object space 267776K, 99% used [0x0000000080000000,0x000000009054a790,0x0000000090580000)
 Metaspace       used 79816K, committed 81472K, reserved 1179648K
  class space    used 8047K, committed 8768K, reserved 1048576K
}
Event: 89.926 GC heap before
{Heap before GC invocations=589 (full 4):
 PSYoungGen      total 9728K, used 9632K [0x00000000d5580000, 0x00000000d6100000, 0x0000000100000000)
  eden space 8704K, 100% used [0x00000000d5580000,0x00000000d5e00000,0x00000000d5e00000)
  from space 1024K, 90% used [0x00000000d5f80000,0x00000000d6068000,0x00000000d6080000)
  to   space 1536K, 0% used [0x00000000d5e00000,0x00000000d5e00000,0x00000000d5f80000)
 ParOldGen       total 299520K, used 298281K [0x0000000080000000, 0x0000000092480000, 0x00000000d5580000)
  object space 299520K, 99% used [0x0000000080000000,0x000000009234a7c0,0x0000000092480000)
 Metaspace       used 79898K, committed 81536K, reserved 1179648K
  class space    used 8049K, committed 8768K, reserved 1048576K
}
Event: 89.928 GC heap after
{Heap after GC invocations=589 (full 4):
 PSYoungGen      total 10240K, used 1472K [0x00000000d5580000, 0x00000000d6200000, 0x0000000100000000)
  eden space 8704K, 0% used [0x00000000d5580000,0x00000000d5580000,0x00000000d5e00000)
  from space 1536K, 95% used [0x00000000d5e00000,0x00000000d5f70000,0x00000000d5f80000)
  to   space 2048K, 0% used [0x00000000d6000000,0x00000000d6000000,0x00000000d6200000)
 ParOldGen       total 299520K, used 299007K [0x0000000080000000, 0x0000000092480000, 0x00000000d5580000)
  object space 299520K, 99% used [0x0000000080000000,0x00000000923fff30,0x0000000092480000)
 Metaspace       used 79898K, committed 81536K, reserved 1179648K
  class space    used 8049K, committed 8768K, reserved 1048576K
}
Event: 90.039 GC heap before
{Heap before GC invocations=590 (full 4):
 PSYoungGen      total 10240K, used 10173K [0x00000000d5580000, 0x00000000d6200000, 0x0000000100000000)
  eden space 8704K, 99% used [0x00000000d5580000,0x00000000d5dff430,0x00000000d5e00000)
  from space 1536K, 95% used [0x00000000d5e00000,0x00000000d5f70000,0x00000000d5f80000)
  to   space 2048K, 0% used [0x00000000d6000000,0x00000000d6000000,0x00000000d6200000)
 ParOldGen       total 299520K, used 299007K [0x0000000080000000, 0x0000000092480000, 0x00000000d5580000)
  object space 299520K, 99% used [0x0000000080000000,0x00000000923fff30,0x0000000092480000)
 Metaspace       used 79907K, committed 81536K, reserved 1179648K
  class space    used 8049K, committed 8768K, reserved 1048576K
}
Event: 90.041 GC heap after
{Heap after GC invocations=590 (full 4):
 PSYoungGen      total 6656K, used 2045K [0x00000000d5580000, 0x00000000d6a00000, 0x0000000100000000)
  eden space 4608K, 0% used [0x00000000d5580000,0x00000000d5580000,0x00000000d5a00000)
  from space 2048K, 99% used [0x00000000d6000000,0x00000000d61ff7b8,0x00000000d6200000)
  to   space 6144K, 0% used [0x00000000d5a00000,0x00000000d5a00000,0x00000000d6000000)
 ParOldGen       total 302592K, used 302366K [0x0000000080000000, 0x0000000092780000, 0x00000000d5580000)
  object space 302592K, 99% used [0x0000000080000000,0x00000000927478d0,0x0000000092780000)
 Metaspace       used 79907K, committed 81536K, reserved 1179648K
  class space    used 8049K, committed 8768K, reserved 1048576K
}
Event: 90.098 GC heap before
{Heap before GC invocations=591 (full 4):
 PSYoungGen      total 6656K, used 6643K [0x00000000d5580000, 0x00000000d6a00000, 0x0000000100000000)
  eden space 4608K, 99% used [0x00000000d5580000,0x00000000d59fd598,0x00000000d5a00000)
  from space 2048K, 99% used [0x00000000d6000000,0x00000000d61ff7b8,0x00000000d6200000)
  to   space 6144K, 0% used [0x00000000d5a00000,0x00000000d5a00000,0x00000000d6000000)
 ParOldGen       total 302592K, used 302366K [0x0000000080000000, 0x0000000092780000, 0x00000000d5580000)
  object space 302592K, 99% used [0x0000000080000000,0x00000000927478d0,0x0000000092780000)
 Metaspace       used 79918K, committed 81536K, reserved 1179648K
  class space    used 8049K, committed 8768K, reserved 1048576K
}
Event: 90.100 GC heap after
{Heap after GC invocations=591 (full 4):
 PSYoungGen      total 7168K, used 2401K [0x00000000d5580000, 0x00000000d6100000, 0x0000000100000000)
  eden space 4608K, 0% used [0x00000000d5580000,0x00000000d5580000,0x00000000d5a00000)
  from space 2560K, 93% used [0x00000000d5a00000,0x00000000d5c58528,0x00000000d5c80000)
  to   space 3584K, 0% used [0x00000000d5d80000,0x00000000d5d80000,0x00000000d6100000)
 ParOldGen       total 304640K, used 304471K [0x0000000080000000, 0x0000000092980000, 0x00000000d5580000)
  object space 304640K, 99% used [0x0000000080000000,0x0000000092955e58,0x0000000092980000)
 Metaspace       used 79918K, committed 81536K, reserved 1179648K
  class space    used 8049K, committed 8768K, reserved 1048576K
}
Event: 90.206 GC heap before
{Heap before GC invocations=592 (full 4):
 PSYoungGen      total 7168K, used 7009K [0x00000000d5580000, 0x00000000d6100000, 0x0000000100000000)
  eden space 4608K, 100% used [0x00000000d5580000,0x00000000d5a00000,0x00000000d5a00000)
  from space 2560K, 93% used [0x00000000d5a00000,0x00000000d5c58528,0x00000000d5c80000)
  to   space 3584K, 0% used [0x00000000d5d80000,0x00000000d5d80000,0x00000000d6100000)
 ParOldGen       total 304640K, used 304471K [0x0000000080000000, 0x0000000092980000, 0x00000000d5580000)
  object space 304640K, 99% used [0x0000000080000000,0x0000000092955e58,0x0000000092980000)
 Metaspace       used 79928K, committed 81536K, reserved 1179648K
  class space    used 8049K, committed 8768K, reserved 1048576K
}

Dll operation events (12 events):
Event: 0.011 Loaded shared library c:\Users\nguye\.vscode\extensions\redhat.java-1.54.0-win32-x64\jre\21.0.10-win32-x86_64\bin\java.dll
Event: 0.038 Loaded shared library c:\Users\nguye\.vscode\extensions\redhat.java-1.54.0-win32-x64\jre\21.0.10-win32-x86_64\bin\zip.dll
Event: 0.102 Loaded shared library C:\Users\nguye\.vscode\extensions\redhat.java-1.54.0-win32-x64\jre\21.0.10-win32-x86_64\bin\instrument.dll
Event: 0.117 Loaded shared library C:\Users\nguye\.vscode\extensions\redhat.java-1.54.0-win32-x64\jre\21.0.10-win32-x86_64\bin\net.dll
Event: 0.188 Loaded shared library C:\Users\nguye\.vscode\extensions\redhat.java-1.54.0-win32-x64\jre\21.0.10-win32-x86_64\bin\nio.dll
Event: 0.193 Loaded shared library C:\Users\nguye\.vscode\extensions\redhat.java-1.54.0-win32-x64\jre\21.0.10-win32-x86_64\bin\zip.dll
Event: 0.217 Loaded shared library C:\Users\nguye\.vscode\extensions\redhat.java-1.54.0-win32-x64\jre\21.0.10-win32-x86_64\bin\jimage.dll
Event: 0.369 Loaded shared library c:\Users\nguye\.vscode\extensions\redhat.java-1.54.0-win32-x64\jre\21.0.10-win32-x86_64\bin\verify.dll
Event: 19.293 Loaded shared library C:\Users\nguye\AppData\Roaming\Code\User\globalStorage\redhat.java\1.54.0\config_win\org.eclipse.equinox.launcher\org.eclipse.equinox.launcher.win32.win32.x86_64_1.3.0.v20260203-2149\eclipse_11919.dll
Event: 37.172 Loaded shared library C:\Users\nguye\AppData\Local\Temp\jna-104772072\jna15365786274780650184.dll
Event: 39.628 Loaded shared library C:\Users\nguye\.vscode\extensions\redhat.java-1.54.0-win32-x64\jre\21.0.10-win32-x86_64\bin\sunmscapi.dll
Event: 39.844 Loaded shared library C:\Users\nguye\.vscode\extensions\redhat.java-1.54.0-win32-x64\jre\21.0.10-win32-x86_64\bin\extnet.dll

Deoptimization events (20 events):
Event: 89.786 Thread 0x000002dbc9ea6440 Uncommon trap: trap_request=0xffffffbe fr.pc=0x000002dbf1620d74 relative=0x0000000000000254
Event: 89.786 Thread 0x000002dbc9ea6440 Uncommon trap: reason=profile_predicate action=maybe_recompile pc=0x000002dbf1620d74 method=java.util.Arrays.fill([Ljava/lang/Object;Ljava/lang/Object;)V @ 5 c2
Event: 89.787 Thread 0x000002dbc9ea6440 DEOPT PACKING pc=0x000002dbf1620d74 sp=0x000000fcea2fef30
Event: 89.787 Thread 0x000002dbc9ea6440 DEOPT UNPACKING pc=0x000002dbf0023aa2 sp=0x000000fcea2fef08 mode 2
Event: 89.787 Thread 0x000002dbc9ea6440 Uncommon trap: trap_request=0xffffffd6 fr.pc=0x000002dbf169e460 relative=0x00000000000001c0
Event: 89.787 Thread 0x000002dbc9ea6440 Uncommon trap: reason=array_check action=maybe_recompile pc=0x000002dbf169e460 method=java.util.Arrays.fill([Ljava/lang/Object;Ljava/lang/Object;)V @ 13 c2
Event: 89.787 Thread 0x000002dbc9ea6440 DEOPT PACKING pc=0x000002dbf169e460 sp=0x000000fcea2fedd0
Event: 89.787 Thread 0x000002dbc9ea6440 DEOPT UNPACKING pc=0x000002dbf0023aa2 sp=0x000000fcea2fed70 mode 2
Event: 89.788 Thread 0x000002dbc9ea6440 Uncommon trap: trap_request=0xffffffd6 fr.pc=0x000002dbf169e460 relative=0x00000000000001c0
Event: 89.788 Thread 0x000002dbc9ea6440 Uncommon trap: reason=array_check action=maybe_recompile pc=0x000002dbf169e460 method=java.util.Arrays.fill([Ljava/lang/Object;Ljava/lang/Object;)V @ 13 c2
Event: 89.788 Thread 0x000002dbc9ea6440 DEOPT PACKING pc=0x000002dbf169e460 sp=0x000000fcea2fedd0
Event: 89.788 Thread 0x000002dbc9ea6440 DEOPT UNPACKING pc=0x000002dbf0023aa2 sp=0x000000fcea2fed70 mode 2
Event: 89.788 Thread 0x000002dbc9ea6440 Uncommon trap: trap_request=0xffffffbe fr.pc=0x000002dbf1620d74 relative=0x0000000000000254
Event: 89.788 Thread 0x000002dbc9ea6440 Uncommon trap: reason=profile_predicate action=maybe_recompile pc=0x000002dbf1620d74 method=java.util.Arrays.fill([Ljava/lang/Object;Ljava/lang/Object;)V @ 5 c2
Event: 89.789 Thread 0x000002dbc9ea6440 DEOPT PACKING pc=0x000002dbf1620d74 sp=0x000000fcea2fedb0
Event: 89.789 Thread 0x000002dbc9ea6440 DEOPT UNPACKING pc=0x000002dbf0023aa2 sp=0x000000fcea2fed88 mode 2
Event: 89.795 Thread 0x000002dbc9ea6440 Uncommon trap: trap_request=0xffffffbe fr.pc=0x000002dbf1620d74 relative=0x0000000000000254
Event: 89.795 Thread 0x000002dbc9ea6440 Uncommon trap: reason=profile_predicate action=maybe_recompile pc=0x000002dbf1620d74 method=java.util.Arrays.fill([Ljava/lang/Object;Ljava/lang/Object;)V @ 5 c2
Event: 89.795 Thread 0x000002dbc9ea6440 DEOPT PACKING pc=0x000002dbf1620d74 sp=0x000000fcea2fef30
Event: 89.796 Thread 0x000002dbc9ea6440 DEOPT UNPACKING pc=0x000002dbf0023aa2 sp=0x000000fcea2fef08 mode 2

Classes loaded (20 events):
Event: 78.030 Loading class java/util/stream/DistinctOps$1
Event: 78.030 Loading class java/util/stream/DistinctOps$1 done
Event: 78.043 Loading class java/util/stream/DistinctOps$1$2
Event: 78.043 Loading class java/util/stream/DistinctOps$1$2 done
Event: 78.111 Loading class java/nio/file/Files$2
Event: 78.112 Loading class java/nio/file/Files$2 done
Event: 78.182 Loading class jdk/internal/module/IllegalAccessLogger
Event: 78.182 Loading class jdk/internal/module/IllegalAccessLogger done
Event: 78.205 Loading class java/util/concurrent/ArrayBlockingQueue
Event: 78.206 Loading class java/util/concurrent/ArrayBlockingQueue done
Event: 78.296 Loading class sun/nio/ch/ChannelOutputStream
Event: 78.297 Loading class sun/nio/ch/ChannelOutputStream done
Event: 79.228 Loading class sun/nio/fs/WindowsFileCopy
Event: 79.229 Loading class sun/nio/fs/WindowsFileCopy done
Event: 80.796 Loading class java/nio/BufferMismatch
Event: 80.797 Loading class java/nio/BufferMismatch done
Event: 80.797 Loading class java/nio/file/attribute/PosixFileAttributes
Event: 80.797 Loading class java/nio/file/attribute/PosixFileAttributes done
Event: 86.953 Loading class jdk/internal/module/IllegalAccessLogger
Event: 86.953 Loading class jdk/internal/module/IllegalAccessLogger done

Classes unloaded (14 events):
Event: 37.783 Thread 0x000002dbfc164910 Unloading class 0x000002db811a4800 'java/lang/invoke/LambdaForm$MH+0x000002db811a4800'
Event: 37.783 Thread 0x000002dbfc164910 Unloading class 0x000002db811a4400 'java/lang/invoke/LambdaForm$MH+0x000002db811a4400'
Event: 37.783 Thread 0x000002dbfc164910 Unloading class 0x000002db811a4000 'java/lang/invoke/LambdaForm$MH+0x000002db811a4000'
Event: 37.783 Thread 0x000002dbfc164910 Unloading class 0x000002db811a3c00 'java/lang/invoke/LambdaForm$MH+0x000002db811a3c00'
Event: 37.783 Thread 0x000002dbfc164910 Unloading class 0x000002db811a3800 'java/lang/invoke/LambdaForm$BMH+0x000002db811a3800'
Event: 37.783 Thread 0x000002dbfc164910 Unloading class 0x000002db811a3400 'java/lang/invoke/LambdaForm$DMH+0x000002db811a3400'
Event: 37.783 Thread 0x000002dbfc164910 Unloading class 0x000002db811a2400 'java/lang/invoke/LambdaForm$DMH+0x000002db811a2400'
Event: 44.807 Thread 0x000002dbfc164910 Unloading class 0x000002db816e9000 'java/lang/invoke/LambdaForm$MH+0x000002db816e9000'
Event: 44.807 Thread 0x000002dbfc164910 Unloading class 0x000002db816e8800 'java/lang/invoke/LambdaForm$MH+0x000002db816e8800'
Event: 44.807 Thread 0x000002dbfc164910 Unloading class 0x000002db816e8000 'java/lang/invoke/LambdaForm$MH+0x000002db816e8000'
Event: 80.531 Thread 0x000002dbfc164910 Unloading class 0x000002db817d0c00 'java/lang/invoke/LambdaForm$DMH+0x000002db817d0c00'
Event: 80.531 Thread 0x000002dbfc164910 Unloading class 0x000002db817d0800 'java/lang/invoke/LambdaForm$DMH+0x000002db817d0800'
Event: 80.531 Thread 0x000002dbfc164910 Unloading class 0x000002db817d0400 'java/lang/invoke/LambdaForm$DMH+0x000002db817d0400'
Event: 80.531 Thread 0x000002dbfc164910 Unloading class 0x000002db817a1000 'java/lang/invoke/LambdaForm$DMH+0x000002db817a1000'

Classes redefined (0 events):
No events

Internal exceptions (20 events):
Event: 86.935 Thread 0x000002dbc6a58d20 Exception <a 'java/lang/NullPointerException'{0x00000000d5b96f00}> (0x00000000d5b96f00) 
thrown [s\src\hotspot\share\runtime\sharedRuntime.cpp, line 625]
Event: 86.935 Thread 0x000002dbc6a58d20 Implicit null exception at 0x000002dbeaf61f9b to 0x000002dbeaf657fb
Event: 86.935 Thread 0x000002dbc6a58d20 Exception <a 'java/lang/NullPointerException'{0x00000000d5b98098}> (0x00000000d5b98098) 
thrown [s\src\hotspot\share\runtime\sharedRuntime.cpp, line 625]
Event: 87.371 Thread 0x000002dbc9ea6440 Implicit null exception at 0x000002dbeaf61f9b to 0x000002dbeaf657fb
Event: 87.371 Thread 0x000002dbc9ea6440 Exception <a 'java/lang/NullPointerException'{0x00000000d598bdb0}> (0x00000000d598bdb0) 
thrown [s\src\hotspot\share\runtime\sharedRuntime.cpp, line 625]
Event: 87.372 Thread 0x000002dbc9ea6440 Implicit null exception at 0x000002dbeaf61f9b to 0x000002dbeaf657fb
Event: 87.372 Thread 0x000002dbc9ea6440 Exception <a 'java/lang/NullPointerException'{0x00000000d5a13ca8}> (0x00000000d5a13ca8) 
thrown [s\src\hotspot\share\runtime\sharedRuntime.cpp, line 625]
Event: 87.372 Thread 0x000002dbc9ea6440 Implicit null exception at 0x000002dbeaf61f9b to 0x000002dbeaf657fb
Event: 87.372 Thread 0x000002dbc9ea6440 Exception <a 'java/lang/NullPointerException'{0x00000000d5a15058}> (0x00000000d5a15058) 
thrown [s\src\hotspot\share\runtime\sharedRuntime.cpp, line 625]
Event: 87.372 Thread 0x000002dbc9ea6440 Implicit null exception at 0x000002dbeaf61f9b to 0x000002dbeaf657fb
Event: 87.372 Thread 0x000002dbc9ea6440 Exception <a 'java/lang/NullPointerException'{0x00000000d5a15f40}> (0x00000000d5a15f40) 
thrown [s\src\hotspot\share\runtime\sharedRuntime.cpp, line 625]
Event: 87.659 Thread 0x000002dbffcc2dd0 Implicit null exception at 0x000002dbeaf61f9b to 0x000002dbeaf657fb
Event: 87.659 Thread 0x000002dbffcc2dd0 Exception <a 'java/lang/NullPointerException'{0x00000000d5d66928}> (0x00000000d5d66928) 
thrown [s\src\hotspot\share\runtime\sharedRuntime.cpp, line 625]
Event: 87.660 Thread 0x000002dbffcc2dd0 Implicit null exception at 0x000002dbeaf61f9b to 0x000002dbeaf657fb
Event: 87.660 Thread 0x000002dbffcc2dd0 Exception <a 'java/lang/NullPointerException'{0x00000000d5d722e8}> (0x00000000d5d722e8) 
thrown [s\src\hotspot\share\runtime\sharedRuntime.cpp, line 625]
Event: 87.660 Thread 0x000002dbffcc2dd0 Implicit null exception at 0x000002dbeaf61f9b to 0x000002dbeaf657fb
Event: 87.660 Thread 0x000002dbffcc2dd0 Exception <a 'java/lang/NullPointerException'{0x00000000d5d73698}> (0x00000000d5d73698) 
thrown [s\src\hotspot\share\runtime\sharedRuntime.cpp, line 625]
Event: 87.660 Thread 0x000002dbffcc2dd0 Implicit null exception at 0x000002dbeaf61f9b to 0x000002dbeaf657fb
Event: 87.660 Thread 0x000002dbffcc2dd0 Exception <a 'java/lang/NullPointerException'{0x00000000d5d74830}> (0x00000000d5d74830) 
thrown [s\src\hotspot\share\runtime\sharedRuntime.cpp, line 625]
Event: 89.730 Thread 0x000002dbffcc3460 Exception <a 'sun/nio/fs/WindowsException'{0x00000000d5c81728}> (0x00000000d5c81728) 
thrown [s\src\hotspot\share\prims\jni.cpp, line 520]

ZGC Phase Switch (0 events):
No events

VM Operations (20 events):
Event: 87.581 Executing safepoint VM operation: ParallelGCFailedAllocation (Allocation Failure) done
Event: 87.590 Executing safepoint VM operation: ParallelGCFailedAllocation (Allocation Failure)
Event: 87.592 Executing safepoint VM operation: ParallelGCFailedAllocation (Allocation Failure) done
Event: 87.605 Executing safepoint VM operation: ParallelGCFailedAllocation (Allocation Failure)
Event: 87.607 Executing safepoint VM operation: ParallelGCFailedAllocation (Allocation Failure) done
Event: 87.624 Executing safepoint VM operation: ParallelGCFailedAllocation (Allocation Failure)
Event: 87.626 Executing safepoint VM operation: ParallelGCFailedAllocation (Allocation Failure) done
Event: 87.639 Executing safepoint VM operation: ParallelGCFailedAllocation (Allocation Failure)
Event: 87.641 Executing safepoint VM operation: ParallelGCFailedAllocation (Allocation Failure) done
Event: 87.660 Executing safepoint VM operation: ParallelGCFailedAllocation (Allocation Failure)
Event: 89.680 Executing safepoint VM operation: ParallelGCFailedAllocation (Allocation Failure) done
Event: 89.744 Executing safepoint VM operation: ParallelGCFailedAllocation (Allocation Failure)
Event: 89.748 Executing safepoint VM operation: ParallelGCFailedAllocation (Allocation Failure) done
Event: 89.926 Executing safepoint VM operation: ParallelGCFailedAllocation (Allocation Failure)
Event: 89.928 Executing safepoint VM operation: ParallelGCFailedAllocation (Allocation Failure) done
Event: 90.039 Executing safepoint VM operation: ParallelGCFailedAllocation (Allocation Failure)
Event: 90.042 Executing safepoint VM operation: ParallelGCFailedAllocation (Allocation Failure) done
Event: 90.098 Executing safepoint VM operation: ParallelGCFailedAllocation (Allocation Failure)
Event: 90.100 Executing safepoint VM operation: ParallelGCFailedAllocation (Allocation Failure) done
Event: 90.205 Executing safepoint VM operation: ParallelGCFailedAllocation (Allocation Failure)

Memory protections (0 events):
No events

Nmethod flushes (20 events):
Event: 80.569 Thread 0x000002dbfc164910 flushing  nmethod 0x000002dbe9becc10
Event: 80.569 Thread 0x000002dbfc164910 flushing  nmethod 0x000002dbe9beec90
Event: 80.569 Thread 0x000002dbfc164910 flushing  nmethod 0x000002dbe9bf1390
Event: 80.569 Thread 0x000002dbfc164910 flushing  nmethod 0x000002dbe9bf1f10
Event: 80.569 Thread 0x000002dbfc164910 flushing  nmethod 0x000002dbe9bf3410
Event: 80.569 Thread 0x000002dbfc164910 flushing  nmethod 0x000002dbe9bf4490
Event: 80.569 Thread 0x000002dbfc164910 flushing  nmethod 0x000002dbe9c03d90
Event: 80.569 Thread 0x000002dbfc164910 flushing  nmethod 0x000002dbe9c04190
Event: 80.569 Thread 0x000002dbfc164910 flushing  nmethod 0x000002dbe9c04590
Event: 80.569 Thread 0x000002dbfc164910 flushing  nmethod 0x000002dbe9c04a90
Event: 80.569 Thread 0x000002dbfc164910 flushing  nmethod 0x000002dbe9c05d10
Event: 80.569 Thread 0x000002dbfc164910 flushing  nmethod 0x000002dbe9c06210
Event: 80.569 Thread 0x000002dbfc164910 flushing  nmethod 0x000002dbe9c08d90
Event: 80.569 Thread 0x000002dbfc164910 flushing  nmethod 0x000002dbe9c0b790
Event: 80.569 Thread 0x000002dbfc164910 flushing  nmethod 0x000002dbe9c26a10
Event: 80.569 Thread 0x000002dbfc164910 flushing  nmethod 0x000002dbe9c2b390
Event: 80.569 Thread 0x000002dbfc164910 flushing  nmethod 0x000002dbe9cafc10
Event: 80.569 Thread 0x000002dbfc164910 flushing  nmethod 0x000002dbe9cb0090
Event: 80.569 Thread 0x000002dbfc164910 flushing  nmethod 0x000002dbe9cb0710
Event: 80.569 Thread 0x000002dbfc164910 flushing  nmethod 0x000002dbe9cb0f10

Events (20 events):
Event: 82.598 Thread 0x000002dbfd68afe0 Thread added: 0x000002dbc5a90ee0
Event: 82.608 Thread 0x000002dbfd68afe0 Thread added: 0x000002dbc5a8e600
Event: 82.792 Thread 0x000002dbc5a8d190 Thread added: 0x000002dbc8c0aa70
Event: 83.669 Thread 0x000002dbc5a8e600 Thread exited: 0x000002dbc5a8e600
Event: 83.670 Thread 0x000002dbc5a90ee0 Thread exited: 0x000002dbc5a90ee0
Event: 83.670 Thread 0x000002dbc5a8d190 Thread exited: 0x000002dbc5a8d190
Event: 85.067 Thread 0x000002dbc5a90810 Thread exited: 0x000002dbc5a90810
Event: 85.067 Thread 0x000002dbc8c0aa70 Thread exited: 0x000002dbc8c0aa70
Event: 85.199 Thread 0x000002dbc5a8cac0 Thread exited: 0x000002dbc5a8cac0
Event: 85.199 Thread 0x000002dbc5a8c3f0 Thread exited: 0x000002dbc5a8c3f0
Event: 85.474 Thread 0x000002dbfd68afe0 Thread added: 0x000002dbc8c0aa70
Event: 85.505 Thread 0x000002dbfd68afe0 Thread added: 0x000002dbc8c09600
Event: 85.521 Thread 0x000002dbfd68afe0 Thread added: 0x000002dbc8c0b140
Event: 85.537 Thread 0x000002dbc8c0aa70 Thread added: 0x000002dbc5a8d190
Event: 85.569 Thread 0x000002dbe5a3b620 Thread added: 0x000002dbc5a8c3f0
Event: 85.760 Thread 0x000002dbc5a8d190 Thread added: 0x000002dbc5a8e600
Event: 85.764 Thread 0x000002dbfd68afe0 Thread added: 0x000002dbc5a8cac0
Event: 85.765 Thread 0x000002dbfd68afe0 Thread added: 0x000002dbc5a90ee0
Event: 85.803 Thread 0x000002dbc5a8cac0 Thread added: 0x000002dbc6bf7980
Event: 85.859 Thread 0x000002dbc5a90ee0 Thread added: 0x000002dbc6bfa260


Dynamic libraries:
0x00007ff6c7680000 - 0x00007ff6c768e000 	c:\Users\nguye\.vscode\extensions\redhat.java-1.54.0-win32-x64\jre\21.0.10-win32-x86_64\bin\java.exe
0x00007ff8bfbe0000 - 0x00007ff8bfe47000 	C:\WINDOWS\SYSTEM32\ntdll.dll
0x00007ff8bead0000 - 0x00007ff8beb99000 	C:\WINDOWS\System32\KERNEL32.DLL
0x00007ff8bc4b0000 - 0x00007ff8bc8a4000 	C:\WINDOWS\System32\KERNELBASE.dll
0x00007ff8bc970000 - 0x00007ff8bcabb000 	C:\WINDOWS\System32\ucrtbase.dll
0x00007ff8a5200000 - 0x00007ff8a5218000 	c:\Users\nguye\.vscode\extensions\redhat.java-1.54.0-win32-x64\jre\21.0.10-win32-x86_64\bin\jli.dll
0x00007ff8ab080000 - 0x00007ff8ab09e000 	c:\Users\nguye\.vscode\extensions\redhat.java-1.54.0-win32-x64\jre\21.0.10-win32-x86_64\bin\VCRUNTIME140.dll
0x00007ff8be6d0000 - 0x00007ff8be895000 	C:\WINDOWS\System32\USER32.dll
0x00007ff89e680000 - 0x00007ff89e913000 	C:\WINDOWS\WinSxS\amd64_microsoft.windows.common-controls_6595b64144ccf1df_6.0.26100.8115_none_3e075c82e3354f9c\COMCTL32.dll
0x00007ff8bcc40000 - 0x00007ff8bcc67000 	C:\WINDOWS\System32\win32u.dll
0x00007ff8bf8c0000 - 0x00007ff8bf969000 	C:\WINDOWS\System32\msvcrt.dll
0x00007ff8bf060000 - 0x00007ff8bf08b000 	C:\WINDOWS\System32\GDI32.dll
0x00007ff8bcfd0000 - 0x00007ff8bd0fb000 	C:\WINDOWS\System32\gdi32full.dll
0x00007ff8bcc70000 - 0x00007ff8bcd13000 	C:\WINDOWS\System32\msvcp_win.dll
0x00007ff8bf980000 - 0x00007ff8bf9b2000 	C:\WINDOWS\System32\IMM32.DLL
0x00007ff8aa3e0000 - 0x00007ff8aa3ec000 	c:\Users\nguye\.vscode\extensions\redhat.java-1.54.0-win32-x64\jre\21.0.10-win32-x86_64\bin\vcruntime140_1.dll
0x00007ff854470000 - 0x00007ff8544fd000 	c:\Users\nguye\.vscode\extensions\redhat.java-1.54.0-win32-x64\jre\21.0.10-win32-x86_64\bin\msvcp140.dll
0x00007ff82a160000 - 0x00007ff82af01000 	c:\Users\nguye\.vscode\extensions\redhat.java-1.54.0-win32-x64\jre\21.0.10-win32-x86_64\bin\server\jvm.dll
0x00007ff8be1d0000 - 0x00007ff8be286000 	C:\WINDOWS\System32\ADVAPI32.dll
0x00007ff8bf810000 - 0x00007ff8bf8b7000 	C:\WINDOWS\System32\sechost.dll
0x00007ff8bebb0000 - 0x00007ff8becc8000 	C:\WINDOWS\System32\RPCRT4.dll
0x00007ff8be8a0000 - 0x00007ff8be920000 	C:\WINDOWS\System32\WS2_32.dll
0x00007ff8bc310000 - 0x00007ff8bc36e000 	C:\WINDOWS\SYSTEM32\POWRPROF.dll
0x00007ff8b1aa0000 - 0x00007ff8b1ad6000 	C:\WINDOWS\SYSTEM32\WINMM.dll
0x00007ff8a8b60000 - 0x00007ff8a8b6b000 	C:\WINDOWS\SYSTEM32\VERSION.dll
0x00007ff8bc2f0000 - 0x00007ff8bc304000 	C:\WINDOWS\SYSTEM32\UMPDC.dll
0x00007ff8bb240000 - 0x00007ff8bb25b000 	C:\WINDOWS\SYSTEM32\kernel.appcore.dll
0x00007ff8a92e0000 - 0x00007ff8a92ea000 	c:\Users\nguye\.vscode\extensions\redhat.java-1.54.0-win32-x64\jre\21.0.10-win32-x86_64\bin\jimage.dll
0x00007ff8ba570000 - 0x00007ff8ba7b2000 	C:\WINDOWS\SYSTEM32\DBGHELP.DLL
0x00007ff8becd0000 - 0x00007ff8bf052000 	C:\WINDOWS\System32\combase.dll
0x00007ff8bf730000 - 0x00007ff8bf808000 	C:\WINDOWS\System32\OLEAUT32.dll
0x00007ff891ed0000 - 0x00007ff891f0b000 	C:\WINDOWS\SYSTEM32\dbgcore.DLL
0x00007ff8bcd20000 - 0x00007ff8bcdc5000 	C:\WINDOWS\System32\bcryptPrimitives.dll
0x00007ff8a7640000 - 0x00007ff8a764f000 	c:\Users\nguye\.vscode\extensions\redhat.java-1.54.0-win32-x64\jre\21.0.10-win32-x86_64\bin\instrument.dll
0x00007ff89eb60000 - 0x00007ff89eb80000 	c:\Users\nguye\.vscode\extensions\redhat.java-1.54.0-win32-x64\jre\21.0.10-win32-x86_64\bin\java.dll
0x00007ff8bd9d0000 - 0x00007ff8be137000 	C:\WINDOWS\System32\SHELL32.dll
0x00007ff8bcdd0000 - 0x00007ff8bcf3a000 	C:\WINDOWS\System32\wintypes.dll
0x00007ff8bd100000 - 0x00007ff8bd968000 	C:\WINDOWS\System32\windows.storage.dll
0x00007ff8bf9e0000 - 0x00007ff8bfad8000 	C:\WINDOWS\System32\SHCORE.dll
0x00007ff8bf520000 - 0x00007ff8bf586000 	C:\WINDOWS\System32\shlwapi.dll
0x00007ff8bc3d0000 - 0x00007ff8bc3f9000 	C:\WINDOWS\SYSTEM32\profapi.dll
0x00007ff884f60000 - 0x00007ff884f78000 	c:\Users\nguye\.vscode\extensions\redhat.java-1.54.0-win32-x64\jre\21.0.10-win32-x86_64\bin\zip.dll
0x00007ff8a7590000 - 0x00007ff8a75a0000 	C:\Users\nguye\.vscode\extensions\redhat.java-1.54.0-win32-x64\jre\21.0.10-win32-x86_64\bin\net.dll
0x00007ff8b4580000 - 0x00007ff8b46ad000 	C:\WINDOWS\SYSTEM32\WINHTTP.dll
0x00007ff8bb7b0000 - 0x00007ff8bb81c000 	C:\WINDOWS\system32\mswsock.dll
0x00007ff884a00000 - 0x00007ff884a16000 	C:\Users\nguye\.vscode\extensions\redhat.java-1.54.0-win32-x64\jre\21.0.10-win32-x86_64\bin\nio.dll
0x00007ff89f5b0000 - 0x00007ff89f5c0000 	c:\Users\nguye\.vscode\extensions\redhat.java-1.54.0-win32-x64\jre\21.0.10-win32-x86_64\bin\verify.dll
0x00007ff853da0000 - 0x00007ff853de5000 	C:\Users\nguye\AppData\Roaming\Code\User\globalStorage\redhat.java\1.54.0\config_win\org.eclipse.equinox.launcher\org.eclipse.equinox.launcher.win32.win32.x86_64_1.3.0.v20260203-2149\eclipse_11919.dll
0x00007ff8be930000 - 0x00007ff8beac7000 	C:\WINDOWS\System32\ole32.dll
0x00007ff8bba90000 - 0x00007ff8bbaab000 	C:\WINDOWS\SYSTEM32\CRYPTSP.dll
0x00007ff8bb1a0000 - 0x00007ff8bb1d9000 	C:\WINDOWS\system32\rsaenh.dll
0x00007ff8bb860000 - 0x00007ff8bb893000 	C:\WINDOWS\SYSTEM32\USERENV.dll
0x00007ff8bc3a0000 - 0x00007ff8bc3ca000 	C:\WINDOWS\SYSTEM32\bcrypt.dll
0x00007ff8bbab0000 - 0x00007ff8bbabc000 	C:\WINDOWS\SYSTEM32\CRYPTBASE.dll
0x00007ff8bac50000 - 0x00007ff8bac82000 	C:\WINDOWS\SYSTEM32\IPHLPAPI.DLL
0x00007ff8bf970000 - 0x00007ff8bf97a000 	C:\WINDOWS\System32\NSI.dll
0x00007ff881960000 - 0x00007ff8819a9000 	C:\Users\nguye\AppData\Local\Temp\jna-104772072\jna15365786274780650184.dll
0x00007ff8beba0000 - 0x00007ff8beba8000 	C:\WINDOWS\System32\PSAPI.DLL
0x00007ff8b4700000 - 0x00007ff8b471d000 	C:\WINDOWS\SYSTEM32\dhcpcsvc6.DLL
0x00007ff8b46b0000 - 0x00007ff8b46d5000 	C:\WINDOWS\SYSTEM32\dhcpcsvc.DLL
0x00007ff8b6dd0000 - 0x00007ff8b6dde000 	C:\Users\nguye\.vscode\extensions\redhat.java-1.54.0-win32-x64\jre\21.0.10-win32-x86_64\bin\sunmscapi.dll
0x00007ff8bcac0000 - 0x00007ff8bcc37000 	C:\WINDOWS\System32\CRYPT32.dll
0x00007ff8bbcb0000 - 0x00007ff8bbce0000 	C:\WINDOWS\SYSTEM32\ncrypt.dll
0x00007ff8bbc60000 - 0x00007ff8bbc9f000 	C:\WINDOWS\SYSTEM32\NTASN1.dll
0x00007ff8bacf0000 - 0x00007ff8bae22000 	C:\WINDOWS\SYSTEM32\DNSAPI.dll
0x00007ff8b19f0000 - 0x00007ff8b19fb000 	C:\Windows\System32\rasadhlp.dll
0x00007ff8b48f0000 - 0x00007ff8b4976000 	C:\WINDOWS\System32\fwpuclnt.dll
0x00007ff8b67d0000 - 0x00007ff8b67d9000 	C:\Users\nguye\.vscode\extensions\redhat.java-1.54.0-win32-x64\jre\21.0.10-win32-x86_64\bin\extnet.dll

JVMTI agents:
c:\Users\nguye\.vscode\extensions\redhat.java-1.54.0-win32-x64\lombok\lombok-1.18.39-4050.jar path:c:\Users\nguye\.vscode\extensions\redhat.java-1.54.0-win32-x64\jre\21.0.10-win32-x86_64\bin\instrument.dll, loaded, initialized, instrumentlib options:none

dbghelp: loaded successfully - version: 4.0.5 - missing functions: none
symbol engine: initialized successfully - sym options: 0x614 - pdb path: .;c:\Users\nguye\.vscode\extensions\redhat.java-1.54.0-win32-x64\jre\21.0.10-win32-x86_64\bin;C:\WINDOWS\SYSTEM32;C:\WINDOWS\WinSxS\amd64_microsoft.windows.common-controls_6595b64144ccf1df_6.0.26100.8115_none_3e075c82e3354f9c;c:\Users\nguye\.vscode\extensions\redhat.java-1.54.0-win32-x64\jre\21.0.10-win32-x86_64\bin\server;C:\Users\nguye\AppData\Roaming\Code\User\globalStorage\redhat.java\1.54.0\config_win\org.eclipse.equinox.launcher\org.eclipse.equinox.launcher.win32.win32.x86_64_1.3.0.v20260203-2149;C:\Users\nguye\AppData\Local\Temp\jna-104772072

VM Arguments:
jvm_args: --add-modules=ALL-SYSTEM --add-opens=java.base/java.util=ALL-UNNAMED --add-opens=java.base/java.lang=ALL-UNNAMED --add-opens=java.base/sun.nio.fs=ALL-UNNAMED -Declipse.application=org.eclipse.jdt.ls.core.id1 -Dosgi.bundles.defaultStartLevel=4 -Declipse.product=org.eclipse.jdt.ls.core.product -Djava.import.generatesMetadataFilesAtProjectRoot=false -DDetectVMInstallationsJob.disabled=true -Dfile.encoding=utf8 -XX:+UseParallelGC -XX:GCTimeRatio=4 -XX:AdaptiveSizePolicyWeight=90 -Dsun.zip.disableMemoryMapping=true -Xmx2G -Xms100m -Xlog:disable -javaagent:c:\Users\nguye\.vscode\extensions\redhat.java-1.54.0-win32-x64\lombok\lombok-1.18.39-4050.jar -XX:+HeapDumpOnOutOfMemoryError -XX:HeapDumpPath=c:\Users\nguye\AppData\Roaming\Code\User\workspaceStorage\1a037bb0f1349aabb2323e686a655e1a\redhat.java -Daether.dependencyCollector.impl=bf 
java_command: c:\Users\nguye\.vscode\extensions\redhat.java-1.54.0-win32-x64\server\plugins\org.eclipse.equinox.launcher_1.7.100.v20251111-0406.jar -configuration c:\Users\nguye\AppData\Roaming\Code\User\globalStorage\redhat.java\1.54.0\config_win -data c:\Users\nguye\AppData\Roaming\Code\User\workspaceStorage\1a037bb0f1349aabb2323e686a655e1a\redhat.java\jdt_ws --pipe=\\.\pipe\lsp-0052d9903d2259954f9cc2e9c4c33c18-sock
java_class_path (initial): c:\Users\nguye\.vscode\extensions\redhat.java-1.54.0-win32-x64\server\plugins\org.eclipse.equinox.launcher_1.7.100.v20251111-0406.jar
Launcher Type: SUN_STANDARD

[Global flags]
    uintx AdaptiveSizePolicyWeight                 = 90                                        {product} {command line}
     intx CICompilerCount                          = 12                                        {product} {ergonomic}
    uintx GCTimeRatio                              = 4                                         {product} {command line}
     bool HeapDumpOnOutOfMemoryError               = true                                   {manageable} {command line}
    ccstr HeapDumpPath                             = c:\Users\nguye\AppData\Roaming\Code\User\workspaceStorage\1a037bb0f1349aabb2323e686a655e1a\redhat.java         {manageable} {command line}
   size_t InitialHeapSize                          = 104857600                                 {product} {command line}
   size_t MaxHeapSize                              = 2147483648                                {product} {command line}
   size_t MaxNewSize                               = 715653120                                 {product} {ergonomic}
   size_t MinHeapDeltaBytes                        = 524288                                    {product} {ergonomic}
   size_t MinHeapSize                              = 104857600                                 {product} {command line}
   size_t NewSize                                  = 34603008                                  {product} {ergonomic}
    uintx NonNMethodCodeHeapSize                   = 7602480                                {pd product} {ergonomic}
    uintx NonProfiledCodeHeapSize                  = 122027880                              {pd product} {ergonomic}
   size_t OldSize                                  = 70254592                                  {product} {ergonomic}
    uintx ProfiledCodeHeapSize                     = 122027880                              {pd product} {ergonomic}
    uintx ReservedCodeCacheSize                    = 251658240                              {pd product} {ergonomic}
     bool SegmentedCodeCache                       = true                                      {product} {ergonomic}
   size_t SoftMaxHeapSize                          = 2147483648                             {manageable} {ergonomic}
     bool UseCompressedOops                        = true                           {product lp64_product} {ergonomic}
     bool UseLargePagesIndividualAllocation        = false                                  {pd product} {ergonomic}
     bool UseParallelGC                            = true                                      {product} {command line}

Logging:
Log output configuration:
 #0: stdout all=off uptime,level,tags foldmultilines=false
 #1: stderr all=off uptime,level,tags foldmultilines=false

Release file:
JAVA_VERSION="21.0.10" 
MODULES="java.base java.compiler java.datatransfer java.xml java.prefs java.desktop java.instrument java.logging java.management java.security.sasl java.naming java.rmi java.management.rmi java.net.http java.scripting java.security.jgss java.transaction.xa java.sql java.sql.rowset java.xml.crypto java.se java.smartcardio jdk.accessibility jdk.internal.jvmstat jdk.attach jdk.charsets jdk.internal.opt jdk.zipfs jdk.compiler jdk.crypto.ec jdk.crypto.cryptoki jdk.crypto.mscapi jdk.dynalink jdk.internal.ed jdk.editpad jdk.hotspot.agent jdk.httpserver jdk.internal.le jdk.internal.vm.ci jdk.internal.vm.compiler jdk.internal.vm.compiler.management jdk.jartool jdk.javadoc jdk.jcmd jdk.management jdk.management.agent jdk.jconsole jdk.jdeps jdk.jdwp.agent jdk.jdi jdk.jfr jdk.jshell jdk.jsobject jdk.jstatd jdk.localedata jdk.management.jfr jdk.naming.dns jdk.naming.rmi jdk.net jdk.nio.mapmode jdk.random jdk.sctp jdk.security.auth jdk.security.jgss jdk.unsupported jdk.unsupported.desktop jdk.xml.dom" 

Environment Variables:
JAVA_HOME=C:\Program Files\Java\jdk-21
PATH=C:\Users\nguye\AppData\Local\Programs\Microsoft VS Code;C:\Program Files (x86)\VMware\VMware Workstation\bin\;C:\Program Files\Common Files\Oracle\Java\javapath;C:\WINDOWS\system32;C:\WINDOWS;C:\WINDOWS\System32\Wbem;C:\WINDOWS\System32\WindowsPowerShell\v1.0\;C:\WINDOWS\System32\OpenSSH\;C:\Program Files\CodeBlocks\MinGW\bin;C:\Program Files\dotnet\;C:\Program Files\Java\jdk-21\bin;C:\Program Files\Git\cmd;C:\Program Files (x86)\IVI Foundation\VISA\WinNT\Bin;C:\Users\nguye\AppData\Local\Programs\Python\Python312;C:\Users\nguye\AppData\Local\Programs\Python\Python312\Scripts;C:\Program Files\Tesseract-OCR\;;C:\TDM-GCC-32\bin;C:\Program Files\nodejs\;C:\Program Files\Docker\Docker\resources\bin;C:\Users\nguye\dev\flutter\bin;C:\Users\nguye\AppData\Local\Microsoft\WindowsApps;C:\Users\nguye\AppData\Local\Programs\Microsoft VS Code\bin;C:\Users\nguye\AppData\Local\GitHubDesktop\bin;C:\Program Files\CodeBlocks\MinGW\bin;C:\mingw64\bin;C:\Users\nguye\AppData\Local\Programs\Python\Python312;C:\Users\nguye\AppData\Local\Programs\Python\Python312\Scripts;C:\Program Files\Java\jdk-21\bin;C:\Program Files\JetBrains\IntelliJ IDEA Community Edition 2024.2.1\bin;;C:\Users\nguye\AppData\Roaming\npm;C:\Users\nguye\AppData\Local\Microsoft\WinGet\Links;C:\Users\nguye\AppData\Local\Programs\Antigravity\bin
USERNAME=nguye
OS=Windows_NT
PROCESSOR_IDENTIFIER=Intel64 Family 6 Model 186 Stepping 2, GenuineIntel
TMP=C:\Users\nguye\AppData\Local\Temp
TEMP=C:\Users\nguye\AppData\Local\Temp




Periodic native trim disabled

---------------  S Y S T E M  ---------------

OS:
 Windows 11 , 64 bit Build 26100 (10.0.26100.8246)
OS uptime: 2 days 12:36 hours
Hyper-V role detected

CPU: total 20 (initial active 20) (10 cores per cpu, 2 threads per core) family 6 model 186 stepping 2 microcode 0x411f, cx8, cmov, fxsr, ht, mmx, 3dnowpref, sse, sse2, sse3, ssse3, sse4.1, sse4.2, popcnt, lzcnt, tsc, tscinvbit, avx, avx2, aes, erms, clmul, bmi1, bmi2, adx, sha, fma, vzeroupper, clflush, clflushopt, clwb, hv, serialize, rdtscp, rdpid, fsrm, f16c, cet_ibt, cet_ss
Processor Information for processor 0
  Max Mhz: 2400, Current Mhz: 2400, Mhz Limit: 2400
Processor Information for processor 1
  Max Mhz: 2400, Current Mhz: 2400, Mhz Limit: 2400
Processor Information for processor 2
  Max Mhz: 2400, Current Mhz: 2400, Mhz Limit: 2400
Processor Information for processor 3
  Max Mhz: 2400, Current Mhz: 2400, Mhz Limit: 2400
Processor Information for processor 4
  Max Mhz: 2400, Current Mhz: 2400, Mhz Limit: 2400
Processor Information for processor 5
  Max Mhz: 2400, Current Mhz: 2400, Mhz Limit: 2400
Processor Information for processor 6
  Max Mhz: 2400, Current Mhz: 1520, Mhz Limit: 2400
Processor Information for processor 7
  Max Mhz: 2400, Current Mhz: 2400, Mhz Limit: 2400
Processor Information for processor 8
  Max Mhz: 2400, Current Mhz: 2400, Mhz Limit: 2400
Processor Information for processor 9
  Max Mhz: 2400, Current Mhz: 2400, Mhz Limit: 2400
Processor Information for processor 10
  Max Mhz: 2400, Current Mhz: 2400, Mhz Limit: 2400
Processor Information for processor 11
  Max Mhz: 2400, Current Mhz: 2400, Mhz Limit: 2400
Processor Information for processor 12
  Max Mhz: 2400, Current Mhz: 1500, Mhz Limit: 1800
Processor Information for processor 13
  Max Mhz: 2400, Current Mhz: 1500, Mhz Limit: 1800
Processor Information for processor 14
  Max Mhz: 2400, Current Mhz: 1800, Mhz Limit: 1800
Processor Information for processor 15
  Max Mhz: 2400, Current Mhz: 1500, Mhz Limit: 1800
Processor Information for processor 16
  Max Mhz: 2400, Current Mhz: 1800, Mhz Limit: 1800
Processor Information for processor 17
  Max Mhz: 2400, Current Mhz: 1500, Mhz Limit: 1800
Processor Information for processor 18
  Max Mhz: 2400, Current Mhz: 1800, Mhz Limit: 1800
Processor Information for processor 19
  Max Mhz: 2400, Current Mhz: 1800, Mhz Limit: 1800

Memory: 4k page, system-wide physical 16016M (2414M free)
TotalPageFile size 18016M (AvailPageFile size 27M)
current process WorkingSet (physical memory assigned to process): 660M, peak: 664M
current process commit charge ("private bytes"): 734M, peak: 745M

vm_info: OpenJDK 64-Bit Server VM (21.0.10+7-LTS) for windows-amd64 JRE (21.0.10+7-LTS), built on 2026-01-20T00:00:00Z by "admin" with MS VC++ 17.12 (VS2022)

END.
